{"/Users/mauricetadros/Development/Local/mindbloome/app/public/wp-content/themes/mindbloome-single/frontity/packages/microsoft-clarity/src/index.ts": {"path":"/Users/mauricetadros/Development/Local/mindbloome/app/public/wp-content/themes/mindbloome-single/frontity/packages/microsoft-clarity/src/index.ts","statementMap":{"0":{"start":{"line":2,"column":0},"end":{"line":2,"column":32}},"1":{"start":{"line":4,"column":43},"end":{"line":12,"column":2}},"2":{"start":{"line":14,"column":0},"end":{"line":14,"column":32}}},"fnMap":{},"branchMap":{},"s":{"0":1,"1":1,"2":1},"f":{},"b":{}}
,"/Users/mauricetadros/Development/Local/mindbloome/app/public/wp-content/themes/mindbloome-single/frontity/packages/microsoft-clarity/src/components/index.tsx": {"path":"/Users/mauricetadros/Development/Local/mindbloome/app/public/wp-content/themes/mindbloome-single/frontity/packages/microsoft-clarity/src/components/index.tsx","statementMap":{"0":{"start":{"line":2,"column":0},"end":{"line":2,"column":26}},"1":{"start":{"line":3,"column":0},"end":{"line":3,"column":41}},"2":{"start":{"line":21,"column":57},"end":{"line":39,"column":1}},"3":{"start":{"line":23,"column":27},"end":{"line":23,"column":49}},"4":{"start":{"line":26,"column":2},"end":{"line":38,"column":4}},"5":{"start":{"line":21,"column":13},"end":{"line":21,"column":57}},"6":{"start":{"line":41,"column":0},"end":{"line":41,"column":29}}},"fnMap":{"0":{"name":"(anonymous_0)","decl":{"start":{"line":21,"column":57},"end":{"line":21,"column":58}},"loc":{"start":{"line":21,"column":71},"end":{"line":39,"column":1}}}},"branchMap":{"0":{"loc":{"start":{"line":27,"column":4},"end":{"line":27,"column":27}},"type":"binary-expr","locations":[{"start":{"line":27,"column":4},"end":{"line":27,"column":27}},{"start":{"line":28,"column":6},"end":{"line":35,"column":null}}]}},"s":{"0":1,"1":1,"2":1,"3":2,"4":2,"5":1,"6":1},"f":{"0":2},"b":{"0":[2,1]}}
}
